{"user_id":"21bd7d5d-4d28-4a7b-a34e-37978ce4acc0","product_id":"product6","event_type":"view","timestamp":1755267499}
{"user_id":"21bd7d5d-4d28-4a7b-a34e-37978ce4acc0","product_id":"product5","event_type":"view","timestamp":1755267502}
{"user_id":"2b4ff0ff-47b5-4cbb-8d11-5e7807a51f3d","product_id":"product4","event_type":"view","timestamp":1755267505}
{"user_id":"ccc9be84-25d1-4461-b23b-37bc51463679","product_id":"product6","event_type":"add_to_cart","timestamp":1755267508}
{"user_id":"dfe6b3ad-5544-49fa-bbab-5f9b9250c9be","product_id":"product6","event_type":"purchase","timestamp":1755267511}
{"user_id":"2ebea338-32d3-4e29-bd19-2b7c92cf8601","product_id":"product2","event_type":"purchase","timestamp":1755267514}
{"user_id":"ee084568-fcbc-4080-9776-0259234a0981","product_id":"product5","event_type":"view","timestamp":1755267517}
{"user_id":"a3777a12-ad19-4dfe-bbfa-d11f1d03dffe","product_id":"product4","event_type":"add_to_cart","timestamp":1755267520}
{"user_id":"cf7ac543-7e58-499a-8022-0a5045bf7623","product_id":"product4","event_type":"purchase","timestamp":1755267523}
{"user_id":"2b4ff0ff-47b5-4cbb-8d11-5e7807a51f3d","product_id":"product5","event_type":"purchase","timestamp":1755267526}
{"user_id":"cf7ac543-7e58-499a-8022-0a5045bf7623","product_id":"product3","event_type":"purchase","timestamp":1755267529}
{"user_id":"2b4ff0ff-47b5-4cbb-8d11-5e7807a51f3d","product_id":"product4","event_type":"purchase","timestamp":1755267532}
{"user_id":"cf7ac543-7e58-499a-8022-0a5045bf7623","product_id":"product5","event_type":"purchase","timestamp":1755267535}
{"user_id":"2b4ff0ff-47b5-4cbb-8d11-5e7807a51f3d","product_id":"product4","event_type":"purchase","timestamp":1755267538}
{"user_id":"a3777a12-ad19-4dfe-bbfa-d11f1d03dffe","product_id":"product3","event_type":"add_to_cart","timestamp":1755267541}
{"user_id":"dfe6b3ad-5544-49fa-bbab-5f9b9250c9be","product_id":"product2","event_type":"purchase","timestamp":1755267544}
{"user_id":"21bd7d5d-4d28-4a7b-a34e-37978ce4acc0","product_id":"product4","event_type":"add_to_cart","timestamp":1755267547}
{"user_id":"21bd7d5d-4d28-4a7b-a34e-37978ce4acc0","product_id":"product1","event_type":"view","timestamp":1755267550}
{"user_id":"ee084568-fcbc-4080-9776-0259234a0981","product_id":"product6","event_type":"add_to_cart","timestamp":1755267553}
{"user_id":"2b4ff0ff-47b5-4cbb-8d11-5e7807a51f3d","product_id":"product6","event_type":"add_to_cart","timestamp":1755267556}
{"user_id":"a3777a12-ad19-4dfe-bbfa-d11f1d03dffe","product_id":"product6","event_type":"purchase","timestamp":1755267559}
{"user_id":"cf7ac543-7e58-499a-8022-0a5045bf7623","product_id":"product5","event_type":"add_to_cart","timestamp":1755267562}
{"user_id":"738ef81a-d99e-4b1d-ad23-6b403358d5f6","product_id":"product3","event_type":"purchase","timestamp":1755267565}
{"user_id":"a3777a12-ad19-4dfe-bbfa-d11f1d03dffe","product_id":"product1","event_type":"view","timestamp":1755267568}
{"user_id":"2ebea338-32d3-4e29-bd19-2b7c92cf8601","product_id":"product3","event_type":"add_to_cart","timestamp":1755267571}
{"user_id":"ccc9be84-25d1-4461-b23b-37bc51463679","product_id":"product4","event_type":"view","timestamp":1755267574}
{"user_id":"21bd7d5d-4d28-4a7b-a34e-37978ce4acc0","product_id":"product5","event_type":"view","timestamp":1755267577}
{"user_id":"ccc9be84-25d1-4461-b23b-37bc51463679","product_id":"product5","event_type":"view","timestamp":1755267580}
{"user_id":"2ebea338-32d3-4e29-bd19-2b7c92cf8601","product_id":"product5","event_type":"purchase","timestamp":1755267583}
{"user_id":"ccc9be84-25d1-4461-b23b-37bc51463679","product_id":"product2","event_type":"purchase","timestamp":1755267586}
{"user_id":"a3777a12-ad19-4dfe-bbfa-d11f1d03dffe","product_id":"product5","event_type":"view","timestamp":1755267589}
{"user_id":"dfe6b3ad-5544-49fa-bbab-5f9b9250c9be","product_id":"product1","event_type":"view","timestamp":1755267592}
{"user_id":"3b6b77c8-f085-4d58-823d-a3468665105a","product_id":"product6","event_type":"view","timestamp":1755267595}
{"user_id":"2b4ff0ff-47b5-4cbb-8d11-5e7807a51f3d","product_id":"product4","event_type":"purchase","timestamp":1755267598}
{"user_id":"738ef81a-d99e-4b1d-ad23-6b403358d5f6","product_id":"product1","event_type":"purchase","timestamp":1755267601}
{"user_id":"ccc9be84-25d1-4461-b23b-37bc51463679","product_id":"product3","event_type":"add_to_cart","timestamp":1755267604}
{"user_id":"a3777a12-ad19-4dfe-bbfa-d11f1d03dffe","product_id":"product6","event_type":"purchase","timestamp":1755267607}
{"user_id":"21bd7d5d-4d28-4a7b-a34e-37978ce4acc0","product_id":"product6","event_type":"view","timestamp":1755267610}
{"user_id":"3b6b77c8-f085-4d58-823d-a3468665105a","product_id":"product5","event_type":"add_to_cart","timestamp":1755267613}
{"user_id":"2ebea338-32d3-4e29-bd19-2b7c92cf8601","product_id":"product5","event_type":"view","timestamp":1755267616}
{"user_id":"dfe6b3ad-5544-49fa-bbab-5f9b9250c9be","product_id":"product4","event_type":"view","timestamp":1755267619}
{"user_id":"ee084568-fcbc-4080-9776-0259234a0981","product_id":"product4","event_type":"purchase","timestamp":1755267622}
{"user_id":"738ef81a-d99e-4b1d-ad23-6b403358d5f6","product_id":"product1","event_type":"purchase","timestamp":1755267625}
{"user_id":"cf7ac543-7e58-499a-8022-0a5045bf7623","product_id":"product1","event_type":"view","timestamp":1755267628}
{"user_id":"dfe6b3ad-5544-49fa-bbab-5f9b9250c9be","product_id":"product4","event_type":"purchase","timestamp":1755267631}
{"user_id":"2ebea338-32d3-4e29-bd19-2b7c92cf8601","product_id":"product2","event_type":"add_to_cart","timestamp":1755267634}
{"user_id":"cf7ac543-7e58-499a-8022-0a5045bf7623","product_id":"product1","event_type":"add_to_cart","timestamp":1755267637}
{"user_id":"3b6b77c8-f085-4d58-823d-a3468665105a","product_id":"product2","event_type":"purchase","timestamp":1755267640}
{"user_id":"2ebea338-32d3-4e29-bd19-2b7c92cf8601","product_id":"product4","event_type":"add_to_cart","timestamp":1755267643}
{"user_id":"2b4ff0ff-47b5-4cbb-8d11-5e7807a51f3d","product_id":"product3","event_type":"purchase","timestamp":1755267646}
{"user_id":"2ebea338-32d3-4e29-bd19-2b7c92cf8601","product_id":"product1","event_type":"purchase","timestamp":1755267649}
{"user_id":"dfe6b3ad-5544-49fa-bbab-5f9b9250c9be","product_id":"product6","event_type":"purchase","timestamp":1755267652}
{"user_id":"3b6b77c8-f085-4d58-823d-a3468665105a","product_id":"product2","event_type":"view","timestamp":1755267655}
{"user_id":"2b4ff0ff-47b5-4cbb-8d11-5e7807a51f3d","product_id":"product3","event_type":"view","timestamp":1755267658}
{"user_id":"dfe6b3ad-5544-49fa-bbab-5f9b9250c9be","product_id":"product1","event_type":"purchase","timestamp":1755267661}
{"user_id":"ccc9be84-25d1-4461-b23b-37bc51463679","product_id":"product1","event_type":"add_to_cart","timestamp":1755267664}
{"user_id":"dfe6b3ad-5544-49fa-bbab-5f9b9250c9be","product_id":"product4","event_type":"view","timestamp":1755267667}
{"user_id":"ee084568-fcbc-4080-9776-0259234a0981","product_id":"product5","event_type":"purchase","timestamp":1755267670}
{"user_id":"ee084568-fcbc-4080-9776-0259234a0981","product_id":"product3","event_type":"view","timestamp":1755267673}
{"user_id":"21bd7d5d-4d28-4a7b-a34e-37978ce4acc0","product_id":"product5","event_type":"add_to_cart","timestamp":1755267676}
{"user_id":"cf7ac543-7e58-499a-8022-0a5045bf7623","product_id":"product2","event_type":"add_to_cart","timestamp":1755267679}
{"user_id":"738ef81a-d99e-4b1d-ad23-6b403358d5f6","product_id":"product6","event_type":"add_to_cart","timestamp":1755267682}
{"user_id":"738ef81a-d99e-4b1d-ad23-6b403358d5f6","product_id":"product2","event_type":"purchase","timestamp":1755267685}
{"user_id":"2ebea338-32d3-4e29-bd19-2b7c92cf8601","product_id":"product3","event_type":"add_to_cart","timestamp":1755267688}
{"user_id":"a3777a12-ad19-4dfe-bbfa-d11f1d03dffe","product_id":"product5","event_type":"view","timestamp":1755267691}
{"user_id":"dfe6b3ad-5544-49fa-bbab-5f9b9250c9be","product_id":"product4","event_type":"view","timestamp":1755267694}
{"user_id":"2ebea338-32d3-4e29-bd19-2b7c92cf8601","product_id":"product5","event_type":"view","timestamp":1755267697}
{"user_id":"cf7ac543-7e58-499a-8022-0a5045bf7623","product_id":"product1","event_type":"add_to_cart","timestamp":1755267700}
{"user_id":"a3777a12-ad19-4dfe-bbfa-d11f1d03dffe","product_id":"product1","event_type":"add_to_cart","timestamp":1755267703}
{"user_id":"ee084568-fcbc-4080-9776-0259234a0981","product_id":"product5","event_type":"add_to_cart","timestamp":1755267706}
{"user_id":"ccc9be84-25d1-4461-b23b-37bc51463679","product_id":"product6","event_type":"add_to_cart","timestamp":1755267709}
{"user_id":"738ef81a-d99e-4b1d-ad23-6b403358d5f6","product_id":"product1","event_type":"view","timestamp":1755267712}
{"user_id":"cf7ac543-7e58-499a-8022-0a5045bf7623","product_id":"product2","event_type":"purchase","timestamp":1755267715}
{"user_id":"738ef81a-d99e-4b1d-ad23-6b403358d5f6","product_id":"product1","event_type":"purchase","timestamp":1755267718}
{"user_id":"2ebea338-32d3-4e29-bd19-2b7c92cf8601","product_id":"product4","event_type":"view","timestamp":1755267721}
{"user_id":"cf7ac543-7e58-499a-8022-0a5045bf7623","product_id":"product6","event_type":"view","timestamp":1755267724}
{"user_id":"2b4ff0ff-47b5-4cbb-8d11-5e7807a51f3d","product_id":"product4","event_type":"view","timestamp":1755267727}
{"user_id":"21bd7d5d-4d28-4a7b-a34e-37978ce4acc0","product_id":"product2","event_type":"add_to_cart","timestamp":1755267730}
{"user_id":"a3777a12-ad19-4dfe-bbfa-d11f1d03dffe","product_id":"product3","event_type":"purchase","timestamp":1755267733}
{"user_id":"ee084568-fcbc-4080-9776-0259234a0981","product_id":"product3","event_type":"add_to_cart","timestamp":1755267736}
{"user_id":"ee084568-fcbc-4080-9776-0259234a0981","product_id":"product6","event_type":"purchase","timestamp":1755267739}
{"user_id":"cf7ac543-7e58-499a-8022-0a5045bf7623","product_id":"product5","event_type":"purchase","timestamp":1755267742}
{"user_id":"dfe6b3ad-5544-49fa-bbab-5f9b9250c9be","product_id":"product1","event_type":"view","timestamp":1755267745}
{"user_id":"ee084568-fcbc-4080-9776-0259234a0981","product_id":"product2","event_type":"add_to_cart","timestamp":1755267748}
{"user_id":"3b6b77c8-f085-4d58-823d-a3468665105a","product_id":"product6","event_type":"add_to_cart","timestamp":1755267751}
{"user_id":"738ef81a-d99e-4b1d-ad23-6b403358d5f6","product_id":"product3","event_type":"purchase","timestamp":1755267754}
{"user_id":"ee084568-fcbc-4080-9776-0259234a0981","product_id":"product4","event_type":"add_to_cart","timestamp":1755267757}
{"user_id":"ccc9be84-25d1-4461-b23b-37bc51463679","product_id":"product5","event_type":"view","timestamp":1755267760}
{"user_id":"2b4ff0ff-47b5-4cbb-8d11-5e7807a51f3d","product_id":"product3","event_type":"view","timestamp":1755267763}
{"user_id":"3b6b77c8-f085-4d58-823d-a3468665105a","product_id":"product2","event_type":"view","timestamp":1755267766}
{"user_id":"cf7ac543-7e58-499a-8022-0a5045bf7623","product_id":"product6","event_type":"add_to_cart","timestamp":1755267769}
{"user_id":"a3777a12-ad19-4dfe-bbfa-d11f1d03dffe","product_id":"product2","event_type":"add_to_cart","timestamp":1755267772}
{"user_id":"dfe6b3ad-5544-49fa-bbab-5f9b9250c9be","product_id":"product4","event_type":"purchase","timestamp":1755267775}
